Using pre-set license
Built from '2022.3/staging' branch; Version is '2022.3.13f1 (5f90a5ebde0f) revision 6262949'; Using compiler version '192829333'; Build Type 'Release'
OS: 'Windows 11  (10.0.22621) 64bit Core' Language: 'en' Physical Memory: 16318 MB
BatchMode: 1, IsHumanControllingUs: 0, StartBugReporterOnCrash: 0, Is64bit: 1, IsPro: 1

COMMAND LINE ARGUMENTS:
C:\Program Files\Unity\Hub\Editor\2022.3.13f1\Editor\Unity.exe
-adb2
-batchMode
-noUpm
-name
AssetImportWorker0
-projectPath
B:/Eclipse-Maker-Editor/Eclipse Maker Editor
-logFile
Logs/AssetImportWorker0.log
-srvPort
62553
Successfully changed project path to: B:/Eclipse-Maker-Editor/Eclipse Maker Editor
B:/Eclipse-Maker-Editor/Eclipse Maker Editor
[UnityMemory] Configuration Parameters - Can be set up in boot.config
    "memorysetup-bucket-allocator-granularity=16"
    "memorysetup-bucket-allocator-bucket-count=8"
    "memorysetup-bucket-allocator-block-size=33554432"
    "memorysetup-bucket-allocator-block-count=8"
    "memorysetup-main-allocator-block-size=16777216"
    "memorysetup-thread-allocator-block-size=16777216"
    "memorysetup-gfx-main-allocator-block-size=16777216"
    "memorysetup-gfx-thread-allocator-block-size=16777216"
    "memorysetup-cache-allocator-block-size=4194304"
    "memorysetup-typetree-allocator-block-size=2097152"
    "memorysetup-profiler-bucket-allocator-granularity=16"
    "memorysetup-profiler-bucket-allocator-bucket-count=8"
    "memorysetup-profiler-bucket-allocator-block-size=33554432"
    "memorysetup-profiler-bucket-allocator-block-count=8"
    "memorysetup-profiler-allocator-block-size=16777216"
    "memorysetup-profiler-editor-allocator-block-size=1048576"
    "memorysetup-temp-allocator-size-main=16777216"
    "memorysetup-job-temp-allocator-block-size=2097152"
    "memorysetup-job-temp-allocator-block-size-background=1048576"
    "memorysetup-job-temp-allocator-reduction-small-platforms=262144"
    "memorysetup-allocator-temp-initial-block-size-main=262144"
    "memorysetup-allocator-temp-initial-block-size-worker=262144"
    "memorysetup-temp-allocator-size-background-worker=32768"
    "memorysetup-temp-allocator-size-job-worker=262144"
    "memorysetup-temp-allocator-size-preload-manager=33554432"
    "memorysetup-temp-allocator-size-nav-mesh-worker=65536"
    "memorysetup-temp-allocator-size-audio-worker=65536"
    "memorysetup-temp-allocator-size-cloud-worker=32768"
    "memorysetup-temp-allocator-size-gi-baking-worker=262144"
    "memorysetup-temp-allocator-size-gfx=262144"
Player connection [20128] Host "[IP] 192.168.1.18 [Port] 0 [Flags] 2 [Guid] 2086336071 [EditorId] 2086336071 [Version] 1048832 [Id] WindowsEditor(7,ComputerHD) [Debug] 1 [PackageName] WindowsEditor [ProjectName] Editor" joined multi-casting on [225.0.0.222:54997]...

Player connection [20128] Host "[IP] 192.168.1.18 [Port] 0 [Flags] 2 [Guid] 2086336071 [EditorId] 2086336071 [Version] 1048832 [Id] WindowsEditor(7,ComputerHD) [Debug] 1 [PackageName] WindowsEditor [ProjectName] Editor" joined alternative multi-casting on [225.0.0.222:34997]...

[Physics::Module] Initialized MultithreadedJobDispatcher with 5 workers.
Refreshing native plugins compatible for Editor in 17.07 ms, found 9 plugins.
Preloading 0 native plugins for Editor in 0.00 ms.
Initialize engine version: 2022.3.13f1 (5f90a5ebde0f)
[Subsystems] Discovering subsystems at path C:/Program Files/Unity/Hub/Editor/2022.3.13f1/Editor/Data/Resources/UnitySubsystems
[Subsystems] Discovering subsystems at path B:/Eclipse-Maker-Editor/Eclipse Maker Editor/Assets
GfxDevice: creating device client; threaded=0; jobified=0
Direct3D:
    Version:  Direct3D 11.0 [level 11.1]
    Renderer: NVIDIA GeForce RTX 2060 (ID=0x1f08)
    Vendor:   NVIDIA
    VRAM:     5969 MB
    Driver:   31.0.15.4617
Shader 'MK/MKGlow/Normal/DiffuseBumped': fallback shader 'MK/MKGlow/Diffuse' not found
Initialize mono
Mono path[0] = 'C:/Program Files/Unity/Hub/Editor/2022.3.13f1/Editor/Data/Managed'
Mono path[1] = 'C:/Program Files/Unity/Hub/Editor/2022.3.13f1/Editor/Data/MonoBleedingEdge/lib/mono/unityjit-win32'
Mono config path = 'C:/Program Files/Unity/Hub/Editor/2022.3.13f1/Editor/Data/MonoBleedingEdge/etc'
Using monoOptions --debugger-agent=transport=dt_socket,embedding=1,server=y,suspend=n,address=127.0.0.1:56252
Begin MonoManager ReloadAssembly
Registering precompiled unity dll's ...
Register platform support module: C:/Program Files/Unity/Hub/Editor/2022.3.13f1/Editor/Data/PlaybackEngines/WebGLSupport/UnityEditor.WebGL.Extensions.dll
Register platform support module: C:/Program Files/Unity/Hub/Editor/2022.3.13f1/Editor/Data/PlaybackEngines/AndroidPlayer/UnityEditor.Android.Extensions.dll
Register platform support module: C:/Program Files/Unity/Hub/Editor/2022.3.13f1/Editor/Data/PlaybackEngines/iOSSupport/UnityEditor.iOS.Extensions.dll
Register platform support module: C:/Program Files/Unity/Hub/Editor/2022.3.13f1/Editor/Data/PlaybackEngines/WindowsStandaloneSupport/UnityEditor.WindowsStandalone.Extensions.dll
Registered in 0.015925 seconds.
- Loaded All Assemblies, in  0.424 seconds
Native extension for WindowsStandalone target not found
[usbmuxd] Start listen thread
[usbmuxd] Listen thread started
[usbmuxd] Send listen message
Native extension for iOS target not found
Native extension for Android target not found
Android Extension - Scanning For ADB Devices 274 ms
Native extension for WebGL target not found
Mono: successfully reloaded assembly
- Finished resetting the current domain, in  0.661 seconds
Domain Reload Profiling: 1082ms
	BeginReloadAssembly (122ms)
		ExecutionOrderSort (0ms)
		DisableScriptedObjects (0ms)
		BackupInstance (0ms)
		ReleaseScriptingObjects (0ms)
		CreateAndSetChildDomain (1ms)
	RebuildCommonClasses (39ms)
	RebuildNativeTypeToScriptingClass (12ms)
	initialDomainReloadingComplete (72ms)
	LoadAllAssembliesAndSetupDomain (176ms)
		LoadAssemblies (120ms)
		RebuildTransferFunctionScriptingTraits (0ms)
		AnalyzeDomain (173ms)
			TypeCache.Refresh (171ms)
				TypeCache.ScanAssembly (155ms)
			ScanForSourceGeneratedMonoScriptInfo (0ms)
			ResolveRequiredComponents (0ms)
	FinalizeReload (662ms)
		ReleaseScriptCaches (0ms)
		RebuildScriptCaches (0ms)
		SetupLoadedEditorAssemblies (594ms)
			LogAssemblyErrors (0ms)
			InitializePlatformSupportModulesInManaged (427ms)
			SetLoadedEditorAssemblies (4ms)
			RefreshPlugins (0ms)
			BeforeProcessingInitializeOnLoad (3ms)
			ProcessInitializeOnLoadAttributes (109ms)
			ProcessInitializeOnLoadMethodAttributes (52ms)
			AfterProcessingInitializeOnLoad (0ms)
			EditorAssembliesLoaded (0ms)
		ExecutionOrderSort2 (0ms)
		AwakeInstancesAfterBackupRestoration (0ms)
========================================================================
Worker process is ready to serve import requests
Begin MonoManager ReloadAssembly
Symbol file LoadedFromMemory is not a mono symbol file
- Loaded All Assemblies, in  0.785 seconds
Refreshing native plugins compatible for Editor in 12.34 ms, found 9 plugins.
Native extension for WindowsStandalone target not found
Native extension for iOS target not found
Native extension for Android target not found
Native extension for WebGL target not found
Package Manager log level set to [2]
[Package Manager] Server::EnsureServerProcessIsRunning -- launch failed, reason: Unity was launched with the -noUpm command-line argument
[Package Manager] UpmClient::Send -- Unable to send message (not connected to UPM process).
[Package Manager] Cannot connect to Unity Package Manager local server
Mono: successfully reloaded assembly
- Finished resetting the current domain, in  0.829 seconds
Domain Reload Profiling: 1611ms
	BeginReloadAssembly (173ms)
		ExecutionOrderSort (0ms)
		DisableScriptedObjects (9ms)
		BackupInstance (0ms)
		ReleaseScriptingObjects (0ms)
		CreateAndSetChildDomain (25ms)
	RebuildCommonClasses (40ms)
	RebuildNativeTypeToScriptingClass (12ms)
	initialDomainReloadingComplete (36ms)
	LoadAllAssembliesAndSetupDomain (521ms)
		LoadAssemblies (389ms)
		RebuildTransferFunctionScriptingTraits (0ms)
		AnalyzeDomain (231ms)
			TypeCache.Refresh (200ms)
				TypeCache.ScanAssembly (172ms)
			ScanForSourceGeneratedMonoScriptInfo (23ms)
			ResolveRequiredComponents (7ms)
	FinalizeReload (830ms)
		ReleaseScriptCaches (0ms)
		RebuildScriptCaches (0ms)
		SetupLoadedEditorAssemblies (606ms)
			LogAssemblyErrors (0ms)
			InitializePlatformSupportModulesInManaged (45ms)
			SetLoadedEditorAssemblies (6ms)
			RefreshPlugins (0ms)
			BeforeProcessingInitializeOnLoad (77ms)
			ProcessInitializeOnLoadAttributes (283ms)
			ProcessInitializeOnLoadMethodAttributes (186ms)
			AfterProcessingInitializeOnLoad (9ms)
			EditorAssembliesLoaded (0ms)
		ExecutionOrderSort2 (0ms)
		AwakeInstancesAfterBackupRestoration (7ms)
Asset Pipeline Refresh (id=622021716ae78b342b4eef9ee2d85b50): Total: 0.000 seconds - Initiated by StopAssetImportingV2(NoUpdateAssetOptions)
Shader 'MK/MKGlow/Toon/BasicOutline': fallback shader 'Toon/Basic' not found
Shader 'MK/MKGlow/Toon/BasicOutline': fallback shader 'Toon/Basic' not found
Shader 'MK/MKGlow/Toon/BasicOutline': fallback shader 'Toon/Basic' not found
Shader 'MK/MKGlow/Normal/DiffuseBumped': fallback shader 'MK/MKGlow/Diffuse' not found
Launched and connected shader compiler UnityShaderCompiler.exe after 0.04 seconds
Refreshing native plugins compatible for Editor in 9.75 ms, found 9 plugins.
Preloading 0 native plugins for Editor in 0.00 ms.
Unloading 2968 Unused Serialized files (Serialized files now loaded: 0)
Unloading 94 unused Assets / (195.4 KB). Loaded Objects now: 3401.
Memory consumption went from 163.9 MB to 163.7 MB.
Total: 7.887500 ms (FindLiveObjects: 0.245900 ms CreateObjectMapping: 0.178200 ms MarkObjects: 7.192500 ms  DeleteObjects: 0.269600 ms)

AssetImportParameters requested are different than current active one (requested -> active):
  custom:video-decoder-webm-vp8: 9c59270c3fd7afecdb556c50c9e8de78 -> 
  custom:SearchIndexIgnoredProperties: e643bd26f0fe6173181afceb89e7c659 -> 
  custom:container-demuxer-ogg: 62fdf1f143b41e24485cea50d1cbac27 -> 
  custom:AudioImporter_EditorPlatform: d09bf68614088b80899f8185d706f6e7 -> 
  custom:video-decoder-ogg-theora: a1e56fd34408186e4bbccfd4996cb3dc -> 
  custom:framework-win-MediaFoundation: 216162199b28c13a410421893ffa2e32 -> 
  custom:video-encoder-webm-vp8: eb34c28f22e8b96e1ab97ce403110664 -> 
  custom:audio-decoder-ogg-vorbis: bf7c407c2cedff20999df2af8eb42d56 -> 
  custom:CustomObjectIndexerAttribute: 756ad292c208cfabdd7b50bc23989ffe -> 
  custom:container-demuxer-webm: 4f35f7cbe854078d1ac9338744f61a02 -> 
  custom:audio-encoder-webm-vorbis: bf7c407c2cedff20999df2af8eb42d56 -> 
  custom:container-muxer-webm: aa71ff27fc2769a1b78a27578f13a17b -> 
========================================================================
Received Import Request.
  Time since last request: 34957.015522 seconds.
  path: Assets/Prefabs/3D Prefabs/3D Section.prefab
  artifactKey: Guid(a4c7731422dceae408aa9971be18b704) Importer(815301076,1909f56bfc062723c751e8b465ee728b)
Start importing Assets/Prefabs/3D Prefabs/3D Section.prefab using Guid(a4c7731422dceae408aa9971be18b704) Importer(815301076,1909f56bfc062723c751e8b465ee728b)  -> (artifact id: '5cd7fa4fab4dfad67522f967d8b04317') in 0.198812 seconds
Number of updated asset objects reloaded before import = 0
Number of asset objects unloaded after import = 38
========================================================================
Received Import Request.
  Time since last request: 0.000029 seconds.
  path: Assets/Prefabs/3D Prefabs/Note Prefab Modular Visuals.prefab
  artifactKey: Guid(7dd8848c6bcdc2743ab8d859b1ba46ce) Importer(815301076,1909f56bfc062723c751e8b465ee728b)
Start importing Assets/Prefabs/3D Prefabs/Note Prefab Modular Visuals.prefab using Guid(7dd8848c6bcdc2743ab8d859b1ba46ce) Importer(815301076,1909f56bfc062723c751e8b465ee728b)  -> (artifact id: '7963fb83787a2b745cf622b42b491ae6') in 0.502117 seconds
Number of updated asset objects reloaded before import = 0
Number of asset objects unloaded after import = 182
========================================================================
Received Import Request.
  Time since last request: 0.000019 seconds.
  path: Assets/Prefabs/3D Prefabs/3D Chart Event.prefab
  artifactKey: Guid(b64c93c4494ab6e4389e1421f25d3224) Importer(815301076,1909f56bfc062723c751e8b465ee728b)
Start importing Assets/Prefabs/3D Prefabs/3D Chart Event.prefab using Guid(b64c93c4494ab6e4389e1421f25d3224) Importer(815301076,1909f56bfc062723c751e8b465ee728b)  -> (artifact id: '5f7c7eb79d295df4c8d8f30fa5e5458d') in 0.235260 seconds
Number of updated asset objects reloaded before import = 0
Number of asset objects unloaded after import = 42
========================================================================
Received Import Request.
  Time since last request: 0.000022 seconds.
  path: Assets/Prefabs/3D Prefabs/3D Song Event.prefab
  artifactKey: Guid(5084664863af634469bdbc807ff499c9) Importer(815301076,1909f56bfc062723c751e8b465ee728b)
Start importing Assets/Prefabs/3D Prefabs/3D Song Event.prefab using Guid(5084664863af634469bdbc807ff499c9) Importer(815301076,1909f56bfc062723c751e8b465ee728b)  -> (artifact id: 'cf83cc3722c2b615b952757e53d8d3b4') in 0.018969 seconds
Number of updated asset objects reloaded before import = 0
Number of asset objects unloaded after import = 42
========================================================================
Received Import Request.
  Time since last request: 0.000014 seconds.
  path: Assets/Prefabs/3D Prefabs/3D Timesignature.prefab
  artifactKey: Guid(f033524a76313c344bb00a5d75ca7374) Importer(815301076,1909f56bfc062723c751e8b465ee728b)
Start importing Assets/Prefabs/3D Prefabs/3D Timesignature.prefab using Guid(f033524a76313c344bb00a5d75ca7374) Importer(815301076,1909f56bfc062723c751e8b465ee728b)  -> (artifact id: '6863e07549497823b2f5db4e0b94976e') in 0.093674 seconds
Number of updated asset objects reloaded before import = 0
Number of asset objects unloaded after import = 34
========================================================================
Received Import Request.
  Time since last request: 0.000014 seconds.
  path: Assets/Prefabs/3D Prefabs/3D BPM.prefab
  artifactKey: Guid(cf823c09473008c4186cb3d1dd2c3627) Importer(815301076,1909f56bfc062723c751e8b465ee728b)
Start importing Assets/Prefabs/3D Prefabs/3D BPM.prefab using Guid(cf823c09473008c4186cb3d1dd2c3627) Importer(815301076,1909f56bfc062723c751e8b465ee728b)  -> (artifact id: '92c6d7e7f10070ece5c456a594732e5c') in 0.016156 seconds
Number of updated asset objects reloaded before import = 0
Number of asset objects unloaded after import = 35
========================================================================
Received Import Request.
  Time since last request: 0.000017 seconds.
  path: Assets/Prefabs/3D Prefabs/Note Tool Prefab Modular Visuals.prefab
  artifactKey: Guid(481db6a1526831643a7558583feef304) Importer(815301076,1909f56bfc062723c751e8b465ee728b)
Start importing Assets/Prefabs/3D Prefabs/Note Tool Prefab Modular Visuals.prefab using Guid(481db6a1526831643a7558583feef304) Importer(815301076,1909f56bfc062723c751e8b465ee728b)  -> (artifact id: '4b4f6887da46f6b9f93b55764fade1ac') in 0.026079 seconds
Number of updated asset objects reloaded before import = 0
Number of asset objects unloaded after import = 167
========================================================================
Received Import Request.
  Time since last request: 0.000018 seconds.
  path: Assets/Prefabs/3D Prefabs/3D Section Object.prefab
  artifactKey: Guid(dd55439e15ce7a949a41938663ec9964) Importer(815301076,1909f56bfc062723c751e8b465ee728b)
Start importing Assets/Prefabs/3D Prefabs/3D Section Object.prefab using Guid(dd55439e15ce7a949a41938663ec9964) Importer(815301076,1909f56bfc062723c751e8b465ee728b)  -> (artifact id: '511b6f535e2f1334bf4ee330ad45af2e') in 0.043626 seconds
Number of updated asset objects reloaded before import = 0
Number of asset objects unloaded after import = 34
========================================================================
Received Import Request.
  Time since last request: 0.000018 seconds.
  path: Assets/Prefabs/3D Prefabs/SongObject Text.prefab
  artifactKey: Guid(7488acbc87bf6a548b95b91482f209eb) Importer(815301076,1909f56bfc062723c751e8b465ee728b)
Start importing Assets/Prefabs/3D Prefabs/SongObject Text.prefab using Guid(7488acbc87bf6a548b95b91482f209eb) Importer(815301076,1909f56bfc062723c751e8b465ee728b)  -> (artifact id: '6a4caf9fc5197d7e5f2d8dbac0472ac6') in 0.006992 seconds
Number of updated asset objects reloaded before import = 0
Number of asset objects unloaded after import = 13
========================================================================
Received Import Request.
  Time since last request: 9.803874 seconds.
  path: Assets/Prefabs/3D Prefabs/Note Prefab Modular Visuals.prefab
  artifactKey: Guid(7dd8848c6bcdc2743ab8d859b1ba46ce) Importer(815301076,1909f56bfc062723c751e8b465ee728b)
Start importing Assets/Prefabs/3D Prefabs/Note Prefab Modular Visuals.prefab using Guid(7dd8848c6bcdc2743ab8d859b1ba46ce) Importer(815301076,1909f56bfc062723c751e8b465ee728b)  -> (artifact id: '9f71419a23a6396ab155772b10252cf7') in 0.032142 seconds
Number of updated asset objects reloaded before import = 0
Number of asset objects unloaded after import = 182
========================================================================
Received Import Request.
  Time since last request: 7.321227 seconds.
  path: Assets/SFX/metronome__250552__druminfected.wav
  artifactKey: Guid(83aaa3aa7608165499960166504ac8dc) Importer(815301076,1909f56bfc062723c751e8b465ee728b)
Start importing Assets/SFX/metronome__250552__druminfected.wav using Guid(83aaa3aa7608165499960166504ac8dc) Importer(815301076,1909f56bfc062723c751e8b465ee728b)  -> (artifact id: 'c4b369b9dbe4d553c40dc8e226b002b1') in 0.026804 seconds
Number of updated asset objects reloaded before import = 0
Number of asset objects unloaded after import = 2
========================================================================
Received Import Request.
  Time since last request: 0.000019 seconds.
  path: Assets/SFX/xplorer_strum_sfx.wav
  artifactKey: Guid(58df6708da65e4e4188fe3f4ceb0fd87) Importer(815301076,1909f56bfc062723c751e8b465ee728b)
Start importing Assets/SFX/xplorer_strum_sfx.wav using Guid(58df6708da65e4e4188fe3f4ceb0fd87) Importer(815301076,1909f56bfc062723c751e8b465ee728b)  -> (artifact id: 'fbf9d596209a71b2c0e73c01a21afc1c') in 0.009938 seconds
Number of updated asset objects reloaded before import = 0
Number of asset objects unloaded after import = 2
========================================================================
Received Import Request.
  Time since last request: 0.000080 seconds.
  path: Assets/SFX/ZIP_erh__spark-1.wav
  artifactKey: Guid(b93bbc02ece64774fb7d8640e534249d) Importer(815301076,1909f56bfc062723c751e8b465ee728b)
Start importing Assets/SFX/ZIP_erh__spark-1.wav using Guid(b93bbc02ece64774fb7d8640e534249d) Importer(815301076,1909f56bfc062723c751e8b465ee728b)  -> (artifact id: 'bd5d1adfc3e2a0417a19a45ae2abdd68') in 0.014652 seconds
Number of updated asset objects reloaded before import = 0
Number of asset objects unloaded after import = 2
========================================================================
Received Import Request.
  Time since last request: 0.000094 seconds.
  path: Assets/SFX/xplorer_strum_sfx_amplified_7_0.wav
  artifactKey: Guid(779e62aef3a532147ba36aed6ede6eed) Importer(815301076,1909f56bfc062723c751e8b465ee728b)
Start importing Assets/SFX/xplorer_strum_sfx_amplified_7_0.wav using Guid(779e62aef3a532147ba36aed6ede6eed) Importer(815301076,1909f56bfc062723c751e8b465ee728b)  -> (artifact id: 'b97ab80723776ef778c496b11f6218d6') in 0.011181 seconds
Number of updated asset objects reloaded before import = 0
Number of asset objects unloaded after import = 2
========================================================================
Received Import Request.
  Time since last request: 0.000016 seconds.
  path: Assets/SFX/xplorer_strum_sfx_amplified.wav
  artifactKey: Guid(ad50b7e5ec52a54469aec6912beb1791) Importer(815301076,1909f56bfc062723c751e8b465ee728b)
Start importing Assets/SFX/xplorer_strum_sfx_amplified.wav using Guid(ad50b7e5ec52a54469aec6912beb1791) Importer(815301076,1909f56bfc062723c751e8b465ee728b)  -> (artifact id: 'c1d1a8137219585f3b22f1456942bfa8') in 0.011485 seconds
Number of updated asset objects reloaded before import = 0
Number of asset objects unloaded after import = 2
========================================================================
Received Import Request.
  Time since last request: 9.406067 seconds.
  path: Assets/SFX
  artifactKey: Guid(35bd6ef9f003b56419eb64a4953d5103) Importer(815301076,1909f56bfc062723c751e8b465ee728b)
Start importing Assets/SFX using Guid(35bd6ef9f003b56419eb64a4953d5103) Importer(815301076,1909f56bfc062723c751e8b465ee728b)  -> (artifact id: '281016b0b3c0d798e2ea8ed125e2856a') in 0.000431 seconds
Number of updated asset objects reloaded before import = 0
Number of asset objects unloaded after import = 0
========================================================================
Received Import Request.
  Time since last request: 8.873290 seconds.
  path: Assets/SFX/UI Sounds
  artifactKey: Guid(5e86fa32b270335408be6a9e9a25d0e0) Importer(815301076,1909f56bfc062723c751e8b465ee728b)
Start importing Assets/SFX/UI Sounds using Guid(5e86fa32b270335408be6a9e9a25d0e0) Importer(815301076,1909f56bfc062723c751e8b465ee728b)  -> (artifact id: '65c216f7cef5f7bf06350bec2b566f91') in 0.000446 seconds
Number of updated asset objects reloaded before import = 0
Number of asset objects unloaded after import = 0
========================================================================
Received Import Request.
  Time since last request: 30.036362 seconds.
  path: Assets/Scenes/Game/Main Editor.unity
  artifactKey: Guid(864109b3b3b55ee4ab2d835ee069bbc1) Importer(815301076,1909f56bfc062723c751e8b465ee728b)
Start importing Assets/Scenes/Game/Main Editor.unity using Guid(864109b3b3b55ee4ab2d835ee069bbc1) Importer(815301076,1909f56bfc062723c751e8b465ee728b)  -> (artifact id: '0959889e0c7b1a55ab0764548fdc6f21') in 0.000391 seconds
Number of updated asset objects reloaded before import = 0
Number of asset objects unloaded after import = 0
========================================================================
Received Prepare
Begin MonoManager ReloadAssembly
Symbol file LoadedFromMemory is not a mono symbol file
- Loaded All Assemblies, in  0.803 seconds
Refreshing native plugins compatible for Editor in 9.50 ms, found 9 plugins.
Native extension for WindowsStandalone target not found
Native extension for iOS target not found
Native extension for Android target not found
Native extension for WebGL target not found
[Package Manager] Server::EnsureServerProcessIsRunning -- launch failed, reason: Unity was launched with the -noUpm command-line argument
[Package Manager] UpmClient::Send -- Unable to send message (not connected to UPM process).
[Package Manager] Cannot connect to Unity Package Manager local server
Mono: successfully reloaded assembly
- Finished resetting the current domain, in  0.994 seconds
Domain Reload Profiling: 1795ms
	BeginReloadAssembly (344ms)
		ExecutionOrderSort (0ms)
		DisableScriptedObjects (6ms)
		BackupInstance (0ms)
		ReleaseScriptingObjects (0ms)
		CreateAndSetChildDomain (40ms)
	RebuildCommonClasses (37ms)
	RebuildNativeTypeToScriptingClass (13ms)
	initialDomainReloadingComplete (34ms)
	LoadAllAssembliesAndSetupDomain (372ms)
		LoadAssemblies (447ms)
		RebuildTransferFunctionScriptingTraits (0ms)
		AnalyzeDomain (14ms)
			TypeCache.Refresh (6ms)
				TypeCache.ScanAssembly (0ms)
			ScanForSourceGeneratedMonoScriptInfo (0ms)
			ResolveRequiredComponents (7ms)
	FinalizeReload (994ms)
		ReleaseScriptCaches (0ms)
		RebuildScriptCaches (0ms)
		SetupLoadedEditorAssemblies (610ms)
			LogAssemblyErrors (0ms)
			InitializePlatformSupportModulesInManaged (40ms)
			SetLoadedEditorAssemblies (4ms)
			RefreshPlugins (0ms)
			BeforeProcessingInitializeOnLoad (67ms)
			ProcessInitializeOnLoadAttributes (288ms)
			ProcessInitializeOnLoadMethodAttributes (200ms)
			AfterProcessingInitializeOnLoad (10ms)
			EditorAssembliesLoaded (0ms)
		ExecutionOrderSort2 (0ms)
		AwakeInstancesAfterBackupRestoration (9ms)
Asset Pipeline Refresh (id=e1e31e5bb8d678d40bd44e61025b0c93): Total: 0.000 seconds - Initiated by StopAssetImportingV2(NoUpdateAssetOptions)
Shader 'MK/MKGlow/Toon/BasicOutline': fallback shader 'Toon/Basic' not found
Shader 'MK/MKGlow/Toon/BasicOutline': fallback shader 'Toon/Basic' not found
Shader 'MK/MKGlow/Normal/DiffuseBumped': fallback shader 'MK/MKGlow/Diffuse' not found
Shader 'MK/MKGlow/Toon/BasicOutline': fallback shader 'Toon/Basic' not found
Refreshing native plugins compatible for Editor in 10.45 ms, found 9 plugins.
Preloading 0 native plugins for Editor in 0.00 ms.
Unloading 2873 Unused Serialized files (Serialized files now loaded: 0)
Unloading 86 unused Assets / (167.8 KB). Loaded Objects now: 3420.
Memory consumption went from 144.1 MB to 144.0 MB.
Total: 7.321700 ms (FindLiveObjects: 0.269300 ms CreateObjectMapping: 0.210900 ms MarkObjects: 6.616900 ms  DeleteObjects: 0.223400 ms)

Prepare: number of updated asset objects reloaded= 0
AssetImportParameters requested are different than current active one (requested -> active):
  custom:video-decoder-webm-vp8: 9c59270c3fd7afecdb556c50c9e8de78 -> 
  custom:SearchIndexIgnoredProperties: e643bd26f0fe6173181afceb89e7c659 -> 
  custom:container-demuxer-ogg: 62fdf1f143b41e24485cea50d1cbac27 -> 
  custom:AudioImporter_EditorPlatform: d09bf68614088b80899f8185d706f6e7 -> 
  custom:video-decoder-ogg-theora: a1e56fd34408186e4bbccfd4996cb3dc -> 
  custom:framework-win-MediaFoundation: 216162199b28c13a410421893ffa2e32 -> 
  custom:video-encoder-webm-vp8: eb34c28f22e8b96e1ab97ce403110664 -> 
  custom:audio-decoder-ogg-vorbis: bf7c407c2cedff20999df2af8eb42d56 -> 
  custom:CustomObjectIndexerAttribute: 756ad292c208cfabdd7b50bc23989ffe -> 
  custom:container-demuxer-webm: 4f35f7cbe854078d1ac9338744f61a02 -> 
  custom:audio-encoder-webm-vorbis: bf7c407c2cedff20999df2af8eb42d56 -> 
  custom:container-muxer-webm: aa71ff27fc2769a1b78a27578f13a17b -> 
========================================================================
Received Prepare
Begin MonoManager ReloadAssembly
Symbol file LoadedFromMemory is not a mono symbol file
- Loaded All Assemblies, in  0.695 seconds
Refreshing native plugins compatible for Editor in 8.94 ms, found 9 plugins.
Native extension for WindowsStandalone target not found
Native extension for iOS target not found
Native extension for Android target not found
Native extension for WebGL target not found
[Package Manager] Server::EnsureServerProcessIsRunning -- launch failed, reason: Unity was launched with the -noUpm command-line argument
[Package Manager] UpmClient::Send -- Unable to send message (not connected to UPM process).
[Package Manager] Cannot connect to Unity Package Manager local server
Mono: successfully reloaded assembly
- Finished resetting the current domain, in  0.961 seconds
Domain Reload Profiling: 1654ms
	BeginReloadAssembly (354ms)
		ExecutionOrderSort (0ms)
		DisableScriptedObjects (7ms)
		BackupInstance (0ms)
		ReleaseScriptingObjects (0ms)
		CreateAndSetChildDomain (37ms)
	RebuildCommonClasses (35ms)
	RebuildNativeTypeToScriptingClass (13ms)
	initialDomainReloadingComplete (35ms)
	LoadAllAssembliesAndSetupDomain (255ms)
		LoadAssemblies (331ms)
		RebuildTransferFunctionScriptingTraits (0ms)
		AnalyzeDomain (14ms)
			TypeCache.Refresh (6ms)
				TypeCache.ScanAssembly (0ms)
			ScanForSourceGeneratedMonoScriptInfo (0ms)
			ResolveRequiredComponents (7ms)
	FinalizeReload (962ms)
		ReleaseScriptCaches (0ms)
		RebuildScriptCaches (0ms)
		SetupLoadedEditorAssemblies (577ms)
			LogAssemblyErrors (0ms)
			InitializePlatformSupportModulesInManaged (39ms)
			SetLoadedEditorAssemblies (4ms)
			RefreshPlugins (0ms)
			BeforeProcessingInitializeOnLoad (62ms)
			ProcessInitializeOnLoadAttributes (256ms)
			ProcessInitializeOnLoadMethodAttributes (205ms)
			AfterProcessingInitializeOnLoad (11ms)
			EditorAssembliesLoaded (0ms)
		ExecutionOrderSort2 (0ms)
		AwakeInstancesAfterBackupRestoration (9ms)
Asset Pipeline Refresh (id=0a9f1b34e1a8f5342a908a2ba75190a1): Total: 0.000 seconds - Initiated by StopAssetImportingV2(NoUpdateAssetOptions)
Shader 'MK/MKGlow/Toon/BasicOutline': fallback shader 'Toon/Basic' not found
Shader 'MK/MKGlow/Toon/BasicOutline': fallback shader 'Toon/Basic' not found
Shader 'MK/MKGlow/Normal/DiffuseBumped': fallback shader 'MK/MKGlow/Diffuse' not found
Shader 'MK/MKGlow/Toon/BasicOutline': fallback shader 'Toon/Basic' not found
Refreshing native plugins compatible for Editor in 9.34 ms, found 9 plugins.
Preloading 0 native plugins for Editor in 0.00 ms.
Unloading 2873 Unused Serialized files (Serialized files now loaded: 0)
Unloading 84 unused Assets / (166.9 KB). Loaded Objects now: 3423.
Memory consumption went from 146.1 MB to 145.9 MB.
Total: 7.318900 ms (FindLiveObjects: 0.259700 ms CreateObjectMapping: 0.190200 ms MarkObjects: 6.681100 ms  DeleteObjects: 0.186400 ms)

Prepare: number of updated asset objects reloaded= 0
AssetImportParameters requested are different than current active one (requested -> active):
  custom:video-decoder-webm-vp8: 9c59270c3fd7afecdb556c50c9e8de78 -> 
  custom:SearchIndexIgnoredProperties: e643bd26f0fe6173181afceb89e7c659 -> 
  custom:container-demuxer-ogg: 62fdf1f143b41e24485cea50d1cbac27 -> 
  custom:AudioImporter_EditorPlatform: d09bf68614088b80899f8185d706f6e7 -> 
  custom:video-decoder-ogg-theora: a1e56fd34408186e4bbccfd4996cb3dc -> 
  custom:framework-win-MediaFoundation: 216162199b28c13a410421893ffa2e32 -> 
  custom:video-encoder-webm-vp8: eb34c28f22e8b96e1ab97ce403110664 -> 
  custom:audio-decoder-ogg-vorbis: bf7c407c2cedff20999df2af8eb42d56 -> 
  custom:CustomObjectIndexerAttribute: 756ad292c208cfabdd7b50bc23989ffe -> 
  custom:container-demuxer-webm: 4f35f7cbe854078d1ac9338744f61a02 -> 
  custom:audio-encoder-webm-vorbis: bf7c407c2cedff20999df2af8eb42d56 -> 
  custom:container-muxer-webm: aa71ff27fc2769a1b78a27578f13a17b -> 
